bubblesort:
     649475914
     774885026
     898260344
     1050678991
     1252866777
     1257636316
     1486101277
     1651526939
     1694227081
     2111695762
radixsort:
     649475914
     774885026
     898260344
     1050678991
     1252866777
     1257636316
     1486101277
     1651526939
     1694227081
     2111695762
STL sort:
     649475914
     774885026
     898260344
     1050678991
     1252866777
     1257636316
     1486101277
     1651526939
     1694227081
     2111695762
